============================= test session starts =============================
collecting ... collected 75 items

tests/api/ipd/test_auth_login.py::test_login_success_6_params_match_expected_conftest PASSED [  1%]
tests/api/ipd/test_auth_login.py::test_login_wrong_password_returns_500_msg_contains_keyword PASSED [  2%]
tests/api/ipd/test_auth_login.py::test_login_underscore_clientid_must_fail_camel_required PASSED [  4%]
tests/api/ipd/test_auth_login.py::test_login_underscore_granttype_must_fail_camel_required PASSED [  5%]
tests/api/ipd/test_auth_login.py::test_login_missing_tenantid_records_real_response_no_stack PASSED [  6%]
tests/api/ipd/test_auth_login.py::test_login_invalid_granttype_5_values_all_fail PASSED [  8%]
tests/api/ipd/test_auth_login.py::test_auth_code_captcha_disabled PASSED [  9%]
tests/api/ipd/test_auth_login.py::test_logout_post_invalidates_token PASSED [ 10%]
tests/api/ipd/test_user.py::test_user_profile_manager_name_and_role PASSED [ 12%]
tests/api/ipd/test_user.py::test_jwt_userid_matches_profile_numeric_value PASSED [ 13%]
tests/api/ipd/test_user.py::test_menu_routers_3_first_level_titles PASSED [ 14%]
tests/api/ipd/test_user.py::test_project_manager_dept_role_menu_build_are_403_REP01 PASSED [ 16%]
tests/api/ipd/test_user.py::test_dict_sys_yes_no_has_2_items PASSED      [ 17%]
tests/api/ipd/test_user.py::test_dict_common_status_empty_array_ok PASSED [ 18%]
tests/api/ipd/test_user.py::test_user_list_total_16_paginated PASSED     [ 20%]
tests/api/ipd/test_user.py::test_dashboard_without_token_returns_401_or_403 PASSED [ 21%]
tests/api/ipd/test_readonly_boundary_filters.py::test_project_page_pagenum_negative_no_sql_stack PASSED [ 22%]
tests/api/ipd/test_readonly_boundary_filters.py::test_project_page_pagesize_0_no_divide_by_zero PASSED [ 24%]
tests/api/ipd/test_readonly_boundary_filters.py::test_project_page_pagenum_99_has_empty_rows PASSED [ 25%]
tests/api/ipd/test_readonly_boundary_filters.py::test_project_page_invalid_type_should_not_500 PASSED [ 26%]
tests/api/ipd/test_readonly_boundary_filters.py::test_risk_list_filter_level_high PASSED [ 28%]
tests/api/ipd/test_readonly_boundary_filters.py::test_risk_list_filter_medium_A3_tri_state PASSED [ 29%]
tests/api/ipd/test_readonly_boundary_filters.py::test_change_list_missing_projectid_no_stack PASSED [ 30%]
tests/api/ipd/test_readonly_boundary_filters.py::test_change_list_with_projectid_ok PASSED [ 32%]
tests/api/ipd/test_readonly_boundary_filters.py::test_wf_definition_filter_category_param_matrix_R10 PASSED [ 33%]
tests/api/ipd/test_readonly_boundary_filters.py::test_wf_definition_last_page_has_3_rows PASSED [ 34%]
tests/api/ipd/test_project_risk_wf_consistency.py::test_dashboard_overview_structure_4_top_keys PASSED [ 36%]
tests/api/ipd/test_project_risk_wf_consistency.py::test_dashboard_3_consecutive_requests_values_identical PASSED [ 37%]
tests/api/ipd/test_project_risk_wf_consistency.py::test_project_list_array_data_5_items PASSED [ 38%]
tests/api/ipd/test_project_risk_wf_consistency.py::test_project_page_structure_total_rows_top_level PASSED [ 40%]
tests/api/ipd/test_project_risk_wf_consistency.py::test_project_detail_circuit_monitor_27_fields PASSED [ 41%]
tests/api/ipd/test_project_risk_wf_consistency.py::test_project_detail_not_exists_no_sql_stack PASSED [ 42%]
tests/api/ipd/test_project_risk_wf_consistency.py::test_project_filter_type_hardware_3_software_2 PASSED [ 44%]
tests/api/ipd/test_project_risk_wf_consistency.py::test_risk_list_3_high_level_items PASSED [ 45%]
tests/api/ipd/test_project_risk_wf_consistency.py::test_riskrule_list_5_predefined PASSED [ 46%]
tests/api/ipd/test_project_risk_wf_consistency.py::test_riskrule_1_budget_warn_trigger_90 PASSED [ 48%]
tests/api/ipd/test_project_risk_wf_consistency.py::test_budget_list_3_items PASSED [ 49%]
tests/api/ipd/test_project_risk_wf_consistency.py::test_document_list_3_items_fileurl_not_null PASSED [ 50%]
tests/api/ipd/test_project_risk_wf_consistency.py::test_workflow_category_11_items_3_level_nested PASSED [ 52%]
tests/api/ipd/test_project_risk_wf_consistency.py::test_workflow_definition_total_23 PASSED [ 53%]
tests/api/ipd/test_project_risk_wf_consistency.py::test_consistency_A1_stats_total_eq_list_len PASSED [ 54%]
tests/api/ipd/test_project_risk_wf_consistency.py::test_consistency_A2_type_distribution_matches_project_list_grouping PASSED [ 56%]
tests/api/ipd/test_project_risk_wf_consistency.py::test_consistency_A3_risk_stats_levels_match_global_risk_list PASSED [ 57%]
tests/api/ipd/test_project_risk_wf_consistency.py::test_consistency_A4_risk_projects_matches_progress_risklevel_mh_status_not_closed PASSED [ 58%]
tests/api/ipd/test_project_risk_wf_consistency.py::test_consistency_A5_doc_groupby_projectid_matches_project_5_items PASSED [ 60%]
tests/api/ipd/test_project_risk_wf_consistency.py::test_consistency_A6_list_len_equals_page_total PASSED [ 61%]
tests/api/ipd/test_project_risk_wf_consistency.py::test_consistency_A7_user_list_pages_rows_sum_equals_total PASSED [ 62%]
tests/api/ipd/test_project_risk_wf_consistency.py::test_consistency_A8_wf_definition_categoryname_foreignkey_in_category_table PASSED [ 64%]
tests/api/ipd/test_project_stage_semi_auto.py::TestProjectStageAndStatusSemiAuto::test_pm_status_001_all_8_projects_status_in_enum PASSED [ 65%]
tests/api/ipd/test_project_stage_semi_auto.py::TestProjectStageAndStatusSemiAuto::test_pm_status_002_status_distribution_coverage_ge_2 PASSED [ 66%]
tests/api/ipd/test_project_stage_semi_auto.py::TestProjectStageAndStatusSemiAuto::test_pm_phase_003_all_8_projects_phase_in_enum PASSED [ 68%]
tests/api/ipd/test_project_stage_semi_auto.py::TestProjectStageAndStatusSemiAuto::test_pm_phase_004_phase_distribution_ge_2 PASSED [ 69%]
tests/api/ipd/test_project_stage_semi_auto.py::TestProjectStageAndStatusSemiAuto::test_pm_detail_005_list_and_detail_consistency_name_status_phase PASSED [ 70%]
tests/api/ipd/test_project_stage_semi_auto.py::TestProjectStageAndStatusSemiAuto::test_pm_enum_006_status_set_matches_baseline PASSED [ 72%]
tests/api/ipd/test_project_stage_semi_auto.py::TestProjectStageAndStatusSemiAuto::test_pm_enum_007_phase_set_matches_baseline PASSED [ 73%]
tests/api/ipd/test_project_stage_semi_auto.py::TestProjectStageAndStatusSemiAuto::test_pm_flow_008_entrypoints_not_500_crash PASSED [ 74%]
tests/api/ipd/test_project_stage_semi_auto.py::TestDashboardRoleConsistencyA4A7::test_cons_A4_boss_total_ge_manager_total PASSED [ 76%]
tests/api/ipd/test_project_stage_semi_auto.py::TestDashboardRoleConsistencyA4A7::test_cons_A5_stats_inprogress_completed_pending_sum_equals_total PASSED [ 77%]
tests/api/ipd/test_project_stage_semi_auto.py::TestDashboardRoleConsistencyA4A7::test_cons_A6_boss_type_distribution_sum_counts_eq_total PASSED [ 78%]
tests/api/ipd/test_project_stage_semi_auto.py::TestDashboardRoleConsistencyA4A7::test_cons_A7_boss_risk_projects_ge_manager PASSED [ 80%]
tests/api/ipd/test_wr_11_cases.py::Test_WR01_CREATE::test_wr01_create_success PASSED [ 81%]
tests/api/ipd/test_wr_11_cases.py::Test_WR02_REQUIRED::test_wr02_missing_project_name PASSED [ 82%]
tests/api/ipd/test_wr_11_cases.py::Test_WR03_DUPLICATE_CODE::test_wr03_dup_code PASSED [ 84%]
tests/api/ipd/test_wr_11_cases.py::Test_WR04_UPDATE::test_wr04_update_name_budget PASSED [ 85%]
tests/api/ipd/test_wr_11_cases.py::Test_WR05_STATUS_DRAFT_PENDING::test_wr05_submit_approval PASSED [ 86%]
tests/api/ipd/test_wr_11_cases.py::Test_WR06_STATUS_PENDING_APPROVED::test_wr06_approve PASSED [ 88%]
tests/api/ipd/test_wr_11_cases.py::Test_WR07_PHASE_CONCEPT_PLAN::test_wr07_phase_advance PASSED [ 89%]
tests/api/ipd/test_wr_11_cases.py::Test_WR08_PHASE_PLAN_DEV::test_wr08_phase_plan_dev PASSED [ 90%]
tests/api/ipd/test_wr_11_cases.py::Test_WR09_PHASE_DEV_CLOSED::test_wr09_close PASSED [ 92%]
tests/api/ipd/test_wr_11_cases.py::Test_WR10_SOFT_DELETE::test_wr10_soft_delete PASSED [ 93%]
tests/api/ipd/test_wr_11_cases.py::Test_WR11_IDOR_WRITE::test_wr11_manager_cannot_write_boss_closed PASSED [ 94%]
tests/api/ipd/test_wr_11_cases.py::Test_WR12_REJECT_PENDING_TO_DRAFT::test_wr12_reject_status_to_draft PASSED [ 96%]
tests/api/ipd/test_wr_11_cases.py::Test_WR13_PHASE_BACK_PLAN_TO_CONCEPT::test_wr13_phase_back_to_concept PASSED [ 97%]
tests/api/ipd/test_wr_11_cases.py::Test_WR14_BUDGET_VALIDATION::test_wr14_budget_null_negative_empty PASSED [ 98%]
tests/api/ipd/test_wr_11_cases.py::Test_WR15_MANAGERID_REQUIRED::test_wr15_managerid_null_zero PASSED [100%]

============================= 75 passed in 6.36s ==============================

===== STDERR =====
