============================= test session starts =============================
collecting ... collected 52 items

tests/api/ipd/test_user.py::test_user_profile_manager_name_and_role PASSED [  1%]
tests/api/ipd/test_user.py::test_jwt_userid_matches_profile_numeric_value PASSED [  3%]
tests/api/ipd/test_user.py::test_menu_routers_3_first_level_titles PASSED [  5%]
tests/api/ipd/test_user.py::test_project_manager_dept_role_menu_build_are_403_REP01 PASSED [  7%]
tests/api/ipd/test_user.py::test_dict_sys_yes_no_has_2_items PASSED      [  9%]
tests/api/ipd/test_user.py::test_dict_common_status_empty_array_ok PASSED [ 11%]
tests/api/ipd/test_user.py::test_user_list_total_16_paginated PASSED     [ 13%]
tests/api/ipd/test_user.py::test_dashboard_without_token_returns_401_or_403 PASSED [ 15%]
tests/api/ipd/test_readonly_boundary_filters.py::test_project_page_pagenum_negative_no_sql_stack PASSED [ 17%]
tests/api/ipd/test_readonly_boundary_filters.py::test_project_page_pagesize_0_no_divide_by_zero PASSED [ 19%]
tests/api/ipd/test_readonly_boundary_filters.py::test_project_page_pagenum_99_has_empty_rows PASSED [ 21%]
tests/api/ipd/test_readonly_boundary_filters.py::test_project_page_invalid_type_should_not_500 PASSED [ 23%]
tests/api/ipd/test_readonly_boundary_filters.py::test_risk_list_filter_level_high PASSED [ 25%]
tests/api/ipd/test_readonly_boundary_filters.py::test_risk_list_filter_medium_A3_tri_state PASSED [ 26%]
tests/api/ipd/test_readonly_boundary_filters.py::test_change_list_missing_projectid_no_stack PASSED [ 28%]
tests/api/ipd/test_readonly_boundary_filters.py::test_change_list_with_projectid_ok PASSED [ 30%]
tests/api/ipd/test_readonly_boundary_filters.py::test_wf_definition_filter_category_param_matrix_R10 PASSED [ 32%]
tests/api/ipd/test_readonly_boundary_filters.py::test_wf_definition_last_page_has_3_rows PASSED [ 34%]
tests/api/ipd/test_project_risk_wf_consistency.py::test_dashboard_overview_structure_4_top_keys PASSED [ 36%]
tests/api/ipd/test_project_risk_wf_consistency.py::test_dashboard_3_consecutive_requests_values_identical PASSED [ 38%]
tests/api/ipd/test_project_risk_wf_consistency.py::test_project_list_array_data_5_items PASSED [ 40%]
tests/api/ipd/test_project_risk_wf_consistency.py::test_project_page_structure_total_rows_top_level PASSED [ 42%]
tests/api/ipd/test_project_risk_wf_consistency.py::test_project_detail_circuit_monitor_27_fields PASSED [ 44%]
tests/api/ipd/test_project_risk_wf_consistency.py::test_project_detail_not_exists_no_sql_stack PASSED [ 46%]
tests/api/ipd/test_project_risk_wf_consistency.py::test_project_filter_type_hardware_3_software_2 PASSED [ 48%]
tests/api/ipd/test_project_risk_wf_consistency.py::test_risk_list_3_high_level_items PASSED [ 50%]
tests/api/ipd/test_project_risk_wf_consistency.py::test_riskrule_list_5_predefined PASSED [ 51%]
tests/api/ipd/test_project_risk_wf_consistency.py::test_riskrule_1_budget_warn_trigger_90 PASSED [ 53%]
tests/api/ipd/test_project_risk_wf_consistency.py::test_budget_list_3_items PASSED [ 55%]
tests/api/ipd/test_project_risk_wf_consistency.py::test_document_list_3_items_fileurl_not_null PASSED [ 57%]
tests/api/ipd/test_project_risk_wf_consistency.py::test_workflow_category_11_items_3_level_nested PASSED [ 59%]
tests/api/ipd/test_project_risk_wf_consistency.py::test_workflow_definition_total_23 PASSED [ 61%]
tests/api/ipd/test_project_risk_wf_consistency.py::test_consistency_A1_stats_total_eq_list_len PASSED [ 63%]
tests/api/ipd/test_project_risk_wf_consistency.py::test_consistency_A2_type_distribution_matches_project_list_grouping PASSED [ 65%]
tests/api/ipd/test_project_risk_wf_consistency.py::test_consistency_A3_risk_stats_levels_match_global_risk_list PASSED [ 67%]
tests/api/ipd/test_project_risk_wf_consistency.py::test_consistency_A4_risk_projects_matches_progress_risklevel_mh_status_not_closed PASSED [ 69%]
tests/api/ipd/test_project_risk_wf_consistency.py::test_consistency_A5_doc_groupby_projectid_matches_project_5_items PASSED [ 71%]
tests/api/ipd/test_project_risk_wf_consistency.py::test_consistency_A6_list_len_equals_page_total PASSED [ 73%]
tests/api/ipd/test_project_risk_wf_consistency.py::test_consistency_A7_user_list_pages_rows_sum_equals_total PASSED [ 75%]
tests/api/ipd/test_project_risk_wf_consistency.py::test_consistency_A8_wf_definition_categoryname_foreignkey_in_category_table PASSED [ 76%]
tests/api/ipd/test_project_stage_semi_auto.py::TestProjectStageAndStatusSemiAuto::test_pm_status_001_all_8_projects_status_in_enum PASSED [ 78%]
tests/api/ipd/test_project_stage_semi_auto.py::TestProjectStageAndStatusSemiAuto::test_pm_status_002_status_distribution_coverage_ge_2 PASSED [ 80%]
tests/api/ipd/test_project_stage_semi_auto.py::TestProjectStageAndStatusSemiAuto::test_pm_phase_003_all_8_projects_phase_in_enum PASSED [ 82%]
tests/api/ipd/test_project_stage_semi_auto.py::TestProjectStageAndStatusSemiAuto::test_pm_phase_004_phase_distribution_ge_2 PASSED [ 84%]
tests/api/ipd/test_project_stage_semi_auto.py::TestProjectStageAndStatusSemiAuto::test_pm_detail_005_list_and_detail_consistency_name_status_phase PASSED [ 86%]
tests/api/ipd/test_project_stage_semi_auto.py::TestProjectStageAndStatusSemiAuto::test_pm_enum_006_status_set_matches_baseline PASSED [ 88%]
tests/api/ipd/test_project_stage_semi_auto.py::TestProjectStageAndStatusSemiAuto::test_pm_enum_007_phase_set_matches_baseline PASSED [ 90%]
tests/api/ipd/test_project_stage_semi_auto.py::TestProjectStageAndStatusSemiAuto::test_pm_flow_008_entrypoints_not_500_crash PASSED [ 92%]
tests/api/ipd/test_project_stage_semi_auto.py::TestDashboardRoleConsistencyA4A7::test_cons_A4_boss_total_ge_manager_total PASSED [ 94%]
tests/api/ipd/test_project_stage_semi_auto.py::TestDashboardRoleConsistencyA4A7::test_cons_A5_stats_inprogress_completed_pending_sum_equals_total PASSED [ 96%]
tests/api/ipd/test_project_stage_semi_auto.py::TestDashboardRoleConsistencyA4A7::test_cons_A6_boss_type_distribution_sum_counts_eq_total PASSED [ 98%]
tests/api/ipd/test_project_stage_semi_auto.py::TestDashboardRoleConsistencyA4A7::test_cons_A7_boss_risk_projects_ge_manager PASSED [100%]

============================= 52 passed in 4.71s ==============================

===== STDERR =====
